<?xml version="1.0" encoding="UTF-8"?>
<testsuite xmlns:xsi="http://www.w3.org/2001/XMLSchema-instance" xsi:noNamespaceSchemaLocation="https://maven.apache.org/surefire/maven-surefire-plugin/xsd/surefire-test-report-3.0.xsd" version="3.0" name="TestPack.Testmydevcode" time="0.848" tests="1" errors="0" skipped="0" failures="0">
  <properties>
    <property name="sun.desktop" value="windows"/>
    <property name="awt.toolkit" value="sun.awt.windows.WToolkit"/>
    <property name="file.encoding.pkg" value="sun.io"/>
    <property name="java.specification.version" value="1.8"/>
    <property name="sun.cpu.isalist" value="amd64"/>
    <property name="sun.jnu.encoding" value="Cp1252"/>
    <property name="java.class.path" value="D:\Rohini\JobSearch\Workspace\rksys-dev\target\test-classes;D:\Rohini\JobSearch\Workspace\rksys-dev\target\classes;c:\eJagruti-Automation\.m2\repository\org\testng\testng\6.9.10\testng-6.9.10.jar;c:\eJagruti-Automation\.m2\repository\com\beust\jcommander\1.48\jcommander-1.48.jar;c:\eJagruti-Automation\.m2\repository\org\beanshell\bsh\2.0b4\bsh-2.0b4.jar;"/>
    <property name="java.vm.vendor" value="Oracle Corporation"/>
    <property name="sun.arch.data.model" value="64"/>
    <property name="user.variant" value=""/>
    <property name="java.vendor.url" value="http://java.oracle.com/"/>
    <property name="user.timezone" value="Asia/Calcutta"/>
    <property name="java.vm.specification.version" value="1.8"/>
    <property name="os.name" value="Windows 10"/>
    <property name="user.country" value="US"/>
    <property name="sun.java.launcher" value="SUN_STANDARD"/>
    <property name="sun.boot.library.path" value="D:\Rohini\JavaInstallation\JDK1.8\jre\bin"/>
    <property name="sun.java.command" value="C:\Users\DELL\AppData\Local\Temp\surefire1230129936543512688\surefirebooter8942429364801320589.jar C:\Users\DELL\AppData\Local\Temp\surefire1230129936543512688 2020-01-31T11-10-38_991-jvmRun1 surefire7624271741690906149tmp surefire_05506889176021290050tmp"/>
    <property name="surefire.test.class.path" value="D:\Rohini\JobSearch\Workspace\rksys-dev\target\test-classes;D:\Rohini\JobSearch\Workspace\rksys-dev\target\classes;c:\eJagruti-Automation\.m2\repository\org\testng\testng\6.9.10\testng-6.9.10.jar;c:\eJagruti-Automation\.m2\repository\com\beust\jcommander\1.48\jcommander-1.48.jar;c:\eJagruti-Automation\.m2\repository\org\beanshell\bsh\2.0b4\bsh-2.0b4.jar;"/>
    <property name="sun.cpu.endian" value="little"/>
    <property name="user.home" value="C:\Users\DELL"/>
    <property name="user.language" value="en"/>
    <property name="java.specification.vendor" value="Oracle Corporation"/>
    <property name="java.home" value="D:\Rohini\JavaInstallation\JDK1.8\jre"/>
    <property name="basedir" value="D:\Rohini\JobSearch\Workspace\rksys-dev"/>
    <property name="file.separator" value="\"/>
    <property name="line.separator" value="&#10;"/>
    <property name="java.vm.specification.vendor" value="Oracle Corporation"/>
    <property name="java.specification.name" value="Java Platform API Specification"/>
    <property name="java.awt.graphicsenv" value="sun.awt.Win32GraphicsEnvironment"/>
    <property name="surefire.real.class.path" value="C:\Users\DELL\AppData\Local\Temp\surefire1230129936543512688\surefirebooter8942429364801320589.jar"/>
    <property name="sun.boot.class.path" value="D:\Rohini\JavaInstallation\JDK1.8\jre\lib\resources.jar;D:\Rohini\JavaInstallation\JDK1.8\jre\lib\rt.jar;D:\Rohini\JavaInstallation\JDK1.8\jre\lib\sunrsasign.jar;D:\Rohini\JavaInstallation\JDK1.8\jre\lib\jsse.jar;D:\Rohini\JavaInstallation\JDK1.8\jre\lib\jce.jar;D:\Rohini\JavaInstallation\JDK1.8\jre\lib\charsets.jar;D:\Rohini\JavaInstallation\JDK1.8\jre\lib\jfr.jar;D:\Rohini\JavaInstallation\JDK1.8\jre\classes"/>
    <property name="user.script" value=""/>
    <property name="sun.management.compiler" value="HotSpot 64-Bit Tiered Compilers"/>
    <property name="java.runtime.version" value="1.8.0_111-b14"/>
    <property name="user.name" value="DELL"/>
    <property name="path.separator" value=";"/>
    <property name="os.version" value="10.0"/>
    <property name="java.endorsed.dirs" value="D:\Rohini\JavaInstallation\JDK1.8\jre\lib\endorsed"/>
    <property name="java.runtime.name" value="Java(TM) SE Runtime Environment"/>
    <property name="file.encoding" value="Cp1252"/>
    <property name="java.vm.name" value="Java HotSpot(TM) 64-Bit Server VM"/>
    <property name="localRepository" value="c:\eJagruti-Automation\.m2\repository"/>
    <property name="java.vendor.url.bug" value="http://bugreport.sun.com/bugreport/"/>
    <property name="java.io.tmpdir" value="C:\Users\DELL\AppData\Local\Temp\"/>
    <property name="java.version" value="1.8.0_111"/>
    <property name="user.dir" value="D:\Rohini\JobSearch\Workspace\rksys-dev"/>
    <property name="os.arch" value="amd64"/>
    <property name="java.vm.specification.name" value="Java Virtual Machine Specification"/>
    <property name="java.awt.printerjob" value="sun.awt.windows.WPrinterJob"/>
    <property name="sun.os.patch.level" value=""/>
    <property name="java.library.path" value="D:\Rohini\JavaInstallation\JDK1.8\jre\bin;C:\WINDOWS\Sun\Java\bin;C:\WINDOWS\system32;C:\WINDOWS;%JAVA_HOME%\bin;D:\Rohini\JavaInstallation\JDK1.8\bin;C:\Program Files (x86)\Intel\iCLS Client\;C:\Program Files\Intel\iCLS Client\;C:\Windows\system32;C:\Windows;C:\Windows\System32\Wbem;C:\Windows\System32\WindowsPowerShell\v1.0\;C:\Program Files (x86)\Intel\Intel(R) Management Engine Components\DAL;C:\Program Files\Intel\Intel(R) Management Engine Components\DAL;C:\Program Files (x86)\Intel\Intel(R) Management Engine Components\IPT;C:\Program Files\Intel\Intel(R) Management Engine Components\IPT;C:\Program Files (x86)\NVIDIA Corporation\PhysX\Common;C:\WINDOWS\system32;C:\WINDOWS;C:\WINDOWS\System32\Wbem;C:\WINDOWS\System32\WindowsPowerShell\v1.0\;D:\Rohini\Maven From Ejagruti\maven\bin;C:\Program Files (x86)\Calibre2\;C:\WINDOWS\System32\OpenSSH\;D:\Rohini\JavaInstallation\JDK1.8\bin;C:\Program Files\Intel\WiFi\bin\;C:\Program Files\Common Files\Intel\WirelessCommon\;C:\AppServ\Apache2.2\bin;C:\AppServ\php5;C:\AppServ\MySQL\bin;C:\Users\DELL\AppData\Local\Microsoft\WindowsApps;;."/>
    <property name="java.vm.info" value="mixed mode"/>
    <property name="java.vendor" value="Oracle Corporation"/>
    <property name="java.vm.version" value="25.111-b14"/>
    <property name="java.ext.dirs" value="D:\Rohini\JavaInstallation\JDK1.8\jre\lib\ext;C:\WINDOWS\Sun\Java\lib\ext"/>
    <property name="sun.io.unicode.encoding" value="UnicodeLittle"/>
    <property name="java.class.version" value="52.0"/>
  </properties>
  <testcase name="test_wpone" classname="TestPack.Testmydevcode" time="0.025"/>
</testsuite>