<?xml version="1.0" encoding="UTF-8"?>
<!-- Generated by org.testng.reporters.JUnitReportReporter -->
<testsuite hostname="DESKTOP-F7MB2RG" name="TestPack.Testmydevcode" tests="1" failures="0" timestamp="31 Jan 2020 05:31:23 GMT" time="0.013" errors="0">
  <testcase name="test_wpone" time="0.013" classname="TestPack.Testmydevcode"/>
</testsuite> <!-- TestPack.Testmydevcode -->
